Removed Pin From Net: NetName=VCC Pin=C8-1
Removed Pin From Net: NetName=VCC Pin=R24-1
Removed Pin From Net: NetName=GND Pin=SW1-1
Removed Pin From Net: NetName=VCC Pin=SW1-3
Removed Pin From Net: NetName=VCC Pin=TP20-1
Removed Pin From Net: NetName=VCC Pin=U7-2
Removed Pin From Net: NetName=GND Pin=U7-5
Removed Member From Class: ClassName=Cat_v1 Member=C12
Removed Member From Class: ClassName=Cat_v1 Member=C16
Removed Member From Class: ClassName=Cat_v1 Member=C20
Removed Member From Class: ClassName=Cat_v1 Member=C24
Removed Member From Class: ClassName=Cat_v1 Member=C28
Removed Member From Class: ClassName=Cat_v1 Member=R27
Change Component DesignItemId : Designator=SW1 Old DesignItemId=1825232-1 New DesignItemId=1101M2S3CQE2
Change Component DesignItemId : Designator=U7 Old DesignItemId=CMP-0062-01824-2 New DesignItemId=LDF33DT-TR
Change Component Footprint: Designator=SW1 Old Footprint=1825232-1 New Footprint=1101M2S3CQE2
Change Component Footprint: Designator=U3 Old Footprint=M08A_L New Footprint=M08A_N
Change Component Footprint: Designator=U7 Old Footprint=MP05A_L New Footprint=DPAK228P972X240-3N
Change Component Comment : Designator=U7 Old Comment=LP3871EMP-3.3/NOPB New Comment=LDF33DT-TR
Change Component Comment : Designator=SW1 Old Comment=SW/SPDT New Comment=Switch_SPDT
Change Component Library : Designator=U7 Old Library=pdmserver_db_onpdm.DbLib New Library=pdmserver_db_onpdm.DbLib
Added Component: Designator=U2(DCK0005A_L)
Added Pin To Net: NetName=VCC Pin=SW1-1
Change Net Name : Old Net Name=VCC New Net Name=VIN
Change Net Name : Old Net Name=VCC/2 New Net Name=3V3/2
Added Pin To Net: NetName=VCC Pin=C8-1
Added Pin To Net: NetName=VCC Pin=R24-1
Added Pin To Net: NetName=VCC Pin=SW1-2
Added Pin To Net: NetName=VCC Pin=TP20-1
Added Pin To Net: NetName=VCC Pin=U7-1
Added Net: Name=VCC
Added Member To Class: ClassName=Cat_v1 Member=Component U2 SN74LV1T125DCKR
