Change Component Designator: OldDesignator=BAT1 NewDesignator=BAT2
Change Component Designator: OldDesignator=BAT2 NewDesignator=BAT1
Change Component Designator: OldDesignator=C1 NewDesignator=C23
Change Component Designator: OldDesignator=C2 NewDesignator=C27
Change Component Designator: OldDesignator=C3 NewDesignator=C14
Change Component Designator: OldDesignator=C4 NewDesignator=C16
Change Component Designator: OldDesignator=C5 NewDesignator=C24
Change Component Designator: OldDesignator=C7 NewDesignator=C28
Change Component Designator: OldDesignator=C8 NewDesignator=C17
Change Component Designator: OldDesignator=C9 NewDesignator=C20
Change Component Designator: OldDesignator=C10 NewDesignator=C25
Change Component Designator: OldDesignator=C11 NewDesignator=C21
Change Component Designator: OldDesignator=C13 NewDesignator=C22
Change Component Designator: OldDesignator=C14 NewDesignator=C1
Change Component Designator: OldDesignator=C15 NewDesignator=C2
Change Component Designator: OldDesignator=C17 NewDesignator=C3
Change Component Designator: OldDesignator=C18 NewDesignator=C26
Change Component Designator: OldDesignator=C19 NewDesignator=C29
Change Component Designator: OldDesignator=C21 NewDesignator=C30
Change Component Designator: OldDesignator=C22 NewDesignator=C4
Change Component Designator: OldDesignator=C23 NewDesignator=C5
Change Component Designator: OldDesignator=C25 NewDesignator=C6
Change Component Designator: OldDesignator=C26 NewDesignator=C7
Change Component Designator: OldDesignator=C27 NewDesignator=C8
Change Component Designator: OldDesignator=C29 NewDesignator=C9
Change Component Designator: OldDesignator=C30 NewDesignator=C19
Change Component Designator: OldDesignator=C31 NewDesignator=C18
Change Component Designator: OldDesignator=C32 NewDesignator=C12
Change Component Designator: OldDesignator=C33 NewDesignator=C10
Change Component Designator: OldDesignator=C34 NewDesignator=C11
Change Component Designator: OldDesignator=C35 NewDesignator=C15
Change Component Designator: OldDesignator=C36 NewDesignator=C13
Change Component Designator: OldDesignator=D1 NewDesignator=D9
Change Component Designator: OldDesignator=D2 NewDesignator=D4
Change Component Designator: OldDesignator=D3 NewDesignator=D2
Change Component Designator: OldDesignator=D4 NewDesignator=D3
Change Component Designator: OldDesignator=D5 NewDesignator=D1
Change Component Designator: OldDesignator=D6 NewDesignator=D5
Change Component Designator: OldDesignator=D7 NewDesignator=D8
Change Component Designator: OldDesignator=D8 NewDesignator=D10
Change Component Designator: OldDesignator=D9 NewDesignator=D11
Change Component Designator: OldDesignator=D10 NewDesignator=D6
Change Component Designator: OldDesignator=D11 NewDesignator=D7
Change Component Designator: OldDesignator=J1 NewDesignator=J2
Change Component Designator: OldDesignator=J2 NewDesignator=J1
Change Component Designator: OldDesignator=R1 NewDesignator=R7
Change Component Designator: OldDesignator=R2 NewDesignator=R23
Change Component Designator: OldDesignator=R3 NewDesignator=R18
Change Component Designator: OldDesignator=R4 NewDesignator=R19
Change Component Designator: OldDesignator=R5 NewDesignator=R20
Change Component Designator: OldDesignator=R6 NewDesignator=R14
Change Component Designator: OldDesignator=R7 NewDesignator=R8
Change Component Designator: OldDesignator=R8 NewDesignator=R15
Change Component Designator: OldDesignator=R9 NewDesignator=R24
Change Component Designator: OldDesignator=R10 NewDesignator=R21
Change Component Designator: OldDesignator=R11 NewDesignator=R22
Change Component Designator: OldDesignator=R12 NewDesignator=R16
Change Component Designator: OldDesignator=R13 NewDesignator=R17
Change Component Designator: OldDesignator=R14 NewDesignator=R1
Change Component Designator: OldDesignator=R15 NewDesignator=R25
Change Component Designator: OldDesignator=R16 NewDesignator=R26
Change Component Designator: OldDesignator=R17 NewDesignator=R2
Change Component Designator: OldDesignator=R18 NewDesignator=R10
Change Component Designator: OldDesignator=R19 NewDesignator=R6
Change Component Designator: OldDesignator=R20 NewDesignator=R11
Change Component Designator: OldDesignator=R21 NewDesignator=R12
Change Component Designator: OldDesignator=R22 NewDesignator=R13
Change Component Designator: OldDesignator=R23 NewDesignator=R5
Change Component Designator: OldDesignator=R24 NewDesignator=R4
Change Component Designator: OldDesignator=R25 NewDesignator=R9
Change Component Designator: OldDesignator=R26 NewDesignator=R3
Change Component Designator: OldDesignator=S3 NewDesignator=S1
Change Component Designator: OldDesignator=SP2 NewDesignator=SP1
Change Component Designator: OldDesignator=TP1 NewDesignator=TP11
Change Component Designator: OldDesignator=TP2 NewDesignator=TP10
Change Component Designator: OldDesignator=TP3 NewDesignator=TP9
Change Component Designator: OldDesignator=TP4 NewDesignator=TP8
Change Component Designator: OldDesignator=TP5 NewDesignator=TP7
Change Component Designator: OldDesignator=TP7 NewDesignator=TP12
Change Component Designator: OldDesignator=TP8 NewDesignator=TP5
Change Component Designator: OldDesignator=TP9 NewDesignator=TP22
Change Component Designator: OldDesignator=TP10 NewDesignator=TP19
Change Component Designator: OldDesignator=TP11 NewDesignator=TP4
Change Component Designator: OldDesignator=TP12 NewDesignator=TP16
Change Component Designator: OldDesignator=TP13 NewDesignator=TP21
Change Component Designator: OldDesignator=TP14 NewDesignator=TP18
Change Component Designator: OldDesignator=TP15 NewDesignator=TP20
Change Component Designator: OldDesignator=TP16 NewDesignator=TP17
Change Component Designator: OldDesignator=TP17 NewDesignator=TP3
Change Component Designator: OldDesignator=TP18 NewDesignator=TP2
Change Component Designator: OldDesignator=TP19 NewDesignator=TP1
Change Component Designator: OldDesignator=TP20 NewDesignator=TP13
Change Component Designator: OldDesignator=TP21 NewDesignator=TP14
Change Component Designator: OldDesignator=TP22 NewDesignator=TP15
Change Component Designator: OldDesignator=U1 NewDesignator=U3
Change Component Designator: OldDesignator=U3 NewDesignator=U5
Change Component Designator: OldDesignator=U3 NewDesignator=U5
Change Component Designator: OldDesignator=U5 NewDesignator=U1
Change Component Designator: OldDesignator=U6 NewDesignator=U7
Change Component Designator: OldDesignator=U7 NewDesignator=U6
Change Component Designator: OldDesignator=WH1 NewDesignator=WH3
Change Component Designator: OldDesignator=WH3 NewDesignator=WH1
Change Component Designator: OldDesignator=X2 NewDesignator=X1
