Change Net Name : Old Net Name=NetBAT1_1 New Net Name=NetBAT2_1
Change Net Name : Old Net Name=NetBAT1_2 New Net Name=NetBAT1_1
Change Net Name : Old Net Name=NetC1_1 New Net Name=NetC23_1
Change Net Name : Old Net Name=NetC1_2 New Net Name=NetC23_2
Change Net Name : Old Net Name=NetC7_2 New Net Name=NetC28_2
Change Net Name : Old Net Name=NetC32_2 New Net Name=NetC12_2
Change Net Name : Old Net Name=NetC33_2 New Net Name=NetC10_2
Change Net Name : Old Net Name=NetC34_1 New Net Name=NetC11_1
Change Net Name : Old Net Name=NetC34_2 New Net Name=NetC11_2
Change Net Name : Old Net Name=NetC35_2 New Net Name=NetC15_2
Change Net Name : Old Net Name=NetC36_2 New Net Name=NetC13_2
Change Net Name : Old Net Name=NetD2_1 New Net Name=NetD3_4
Change Net Name : Old Net Name=NetD2_4 New Net Name=NetD4_4
Change Net Name : Old Net Name=NetD3_1 New Net Name=NetD2_1
Change Net Name : Old Net Name=NetD3_4 New Net Name=NetD1_1
Change Net Name : Old Net Name=NetD4_1 New Net Name=NetD1_4
Change Net Name : Old Net Name=NetD8_K New Net Name=NetD10_K
Change Net Name : Old Net Name=NetD9_K New Net Name=NetD11_K
Change Net Name : Old Net Name=NetD10_A New Net Name=NetD6_A
Change Net Name : Old Net Name=NetD11_A New Net Name=NetD7_A
Change Net Name : Old Net Name=NetR1_1 New Net Name=NetR7_1
Change Net Name : Old Net Name=NetR2_1 New Net Name=NetR23_1
Change Net Name : Old Net Name=NetR3_1 New Net Name=NetR18_1
Change Net Name : Old Net Name=NetR15_1 New Net Name=NetR25_1
Change Net Name : Old Net Name=NetR16_1 New Net Name=NetR26_1
Change Net Name : Old Net Name=NetR18_2 New Net Name=NetR10_2
Change Net Name : Old Net Name=NetR19_2 New Net Name=NetR6_2
Change Net Name : Old Net Name=NetR21_1 New Net Name=NetR12_1
Change Net Name : Old Net Name=NetR23_2 New Net Name=NetR5_2
Change Net Name : Old Net Name=NetSP2_1 New Net Name=NetSP1_1
Change Net Name : Old Net Name=NetSP2_2 New Net Name=NetSP1_2
Added Member To Class: ClassName=Cat_v1 Member=Component C11 Capacitor
Added Member To Class: ClassName=Cat_v1 Member=Component C13 Capacitor
Added Member To Class: ClassName=Cat_v1 Member=Component C15 Capacitor
Added Member To Class: ClassName=Cat_v1 Member=Component C17 Capacitor
Added Member To Class: ClassName=Cat_v1 Member=Component C18 Capacitor
